2025-09-10T05:25:01.051Z warn: Token verify failed: Decoding Firebase ID token failed. Make sure you passed the entire string JWT which represents an ID token. See https://firebase.google.com/docs/auth/admin/verify-id-tokens for details on how to retrieve an ID token.
2025-09-10T05:27:49.613Z warn: Token verify failed: Firebase ID token has incorrect "aud" (audience) claim. Expected "sports-buddy-14d5f" but got "recipe-book-eca9e". Make sure the ID token comes from the same Firebase project as the service account used to authenticate this SDK. See https://firebase.google.com/docs/auth/admin/verify-id-tokens for details on how to retrieve an ID token.
2025-09-10T05:41:36.925Z warn: Token verify failed: Firebase ID token has incorrect "aud" (audience) claim. Expected "sports-buddy-14d5f" but got "recipe-book-eca9e". Make sure the ID token comes from the same Firebase project as the service account used to authenticate this SDK. See https://firebase.google.com/docs/auth/admin/verify-id-tokens for details on how to retrieve an ID token.
2025-09-10T05:50:07.435Z warn: Token verify failed: Firebase ID token has incorrect "aud" (audience) claim. Expected "sports-buddy-14d5f" but got "recipe-book-eca9e". Make sure the ID token comes from the same Firebase project as the service account used to authenticate this SDK. See https://firebase.google.com/docs/auth/admin/verify-id-tokens for details on how to retrieve an ID token.
2025-09-13T14:10:49.501Z warn: Token verify failed: Decoding Firebase ID token failed. Make sure you passed the entire string JWT which represents an ID token. See https://firebase.google.com/docs/auth/admin/verify-id-tokens for details on how to retrieve an ID token.
2025-09-13T14:17:08.522Z warn: Token verify failed: Decoding Firebase ID token failed. Make sure you passed the entire string JWT which represents an ID token. See https://firebase.google.com/docs/auth/admin/verify-id-tokens for details on how to retrieve an ID token.
2025-09-13T14:20:48.023Z warn: Token verify failed: Decoding Firebase ID token failed. Make sure you passed the entire string JWT which represents an ID token. See https://firebase.google.com/docs/auth/admin/verify-id-tokens for details on how to retrieve an ID token.
2025-09-15T04:42:28.464Z info: Event created by wjf5OMavzXdgAKQPYuOsPVpwfjG3: 68c79934c5c9541483ef4c12
2025-09-15T09:08:53.478Z info: Event created by wjf5OMavzXdgAKQPYuOsPVpwfjG3: 68c7d7a5d0c58184e4aec6fe
2025-09-17T04:38:42.072Z info: Event deleted by wjf5OMavzXdgAKQPYuOsPVpwfjG3: 68c79934c5c9541483ef4c12
2025-09-17T04:54:24.318Z info: Event deleted by wjf5OMavzXdgAKQPYuOsPVpwfjG3: 68c7d7a5d0c58184e4aec6fe
2025-09-17T05:14:18.213Z info: Event created by wjf5OMavzXdgAKQPYuOsPVpwfjG3: 68ca43aaaf122b6edc6e5be1
2025-09-17T06:35:51.018Z info: Event created by wjf5OMavzXdgAKQPYuOsPVpwfjG3: 68ca56c7531d48d1ab2c5ad1
2025-09-17T07:05:08.150Z info: Event deleted by wjf5OMavzXdgAKQPYuOsPVpwfjG3: 68ca56c7531d48d1ab2c5ad1
2025-09-17T09:05:40.129Z error: Create event error: Event validation failed: sport: Path `sport` is required.
2025-09-17T09:30:58.969Z error: Create event error: Event validation failed: sport: Path `sport` is required.
2025-09-17T09:37:32.618Z error: Create event error: Event validation failed: sport: Path `sport` is required.
2025-09-17T09:43:58.412Z info: Event created by wjf5OMavzXdgAKQPYuOsPVpwfjG3: 68ca82de0bdc563d0f819d02
2025-09-17T10:13:41.047Z error: Delete sport error: [object Object]
2025-09-17T10:18:42.269Z error: Delete sport error: [object Object]
2025-09-17T10:21:49.852Z info: Sport delete by wjf5OMavzXdgAKQPYuOsPVpwfjG3: 68ca82de0bdc563d0f819cff
2025-09-17T10:21:49.913Z info: Event deleted by wjf5OMavzXdgAKQPYuOsPVpwfjG3: 68ca82de0bdc563d0f819d02
2025-09-17T10:23:15.486Z info: Event created by wjf5OMavzXdgAKQPYuOsPVpwfjG3: 68ca8c13464a95d17e9b68f7
2025-09-17T10:23:28.265Z info: Event deleted by wjf5OMavzXdgAKQPYuOsPVpwfjG3: 68ca43aaaf122b6edc6e5be1
2025-09-17T11:46:51.265Z info: Event created by wjf5OMavzXdgAKQPYuOsPVpwfjG3: 68ca9fab464a95d17e9b6937
2025-09-17T13:46:50.648Z info: Event created by wjf5OMavzXdgAKQPYuOsPVpwfjG3: 68cabbca464a95d17e9b6992
2025-09-18T05:47:15.308Z info: Event created by wjf5OMavzXdgAKQPYuOsPVpwfjG3: 68cb9ce37b5f7cba948ccdd2
2025-09-18T06:27:20.467Z info: Sport deleted by wjf5OMavzXdgAKQPYuOsPVpwfjG3: 68cabbca464a95d17e9b698f
2025-09-18T06:27:20.486Z info: Event deleted by wjf5OMavzXdgAKQPYuOsPVpwfjG3: 68cabbca464a95d17e9b6992
2025-09-18T10:21:50.364Z error: Update sport error: Cast to ObjectId failed for value "undefined" (type string) at path "_id" for model "Sport"
2025-09-18T10:29:31.351Z error: Update sport error: Cast to ObjectId failed for value "undefined" (type string) at path "_id" for model "Sport"
2025-09-18T11:17:47.089Z info: Event updated by wjf5OMavzXdgAKQPYuOsPVpwfjG3: 68cb9ce37b5f7cba948ccdd2
2025-09-18T11:23:04.239Z info: Event deleted by wjf5OMavzXdgAKQPYuOsPVpwfjG3: 68ca8c13464a95d17e9b68f7
2025-09-18T11:23:11.620Z info: Event deleted by wjf5OMavzXdgAKQPYuOsPVpwfjG3: 68ca9fab464a95d17e9b6937
2025-09-18T11:29:37.018Z error: Create event error: Event validation failed: title: Path `title` is required.
2025-09-18T11:30:28.991Z info: Event created by wjf5OMavzXdgAKQPYuOsPVpwfjG3: 68cbed547b5f7cba948ccecc
2025-09-18T13:01:35.604Z info: Event updated by wjf5OMavzXdgAKQPYuOsPVpwfjG3: 68cbed547b5f7cba948ccecc
2025-09-18T13:02:50.558Z info: Event updated by wjf5OMavzXdgAKQPYuOsPVpwfjG3: 68cbed547b5f7cba948ccecc
2025-09-18T13:07:31.859Z info: Event updated by wjf5OMavzXdgAKQPYuOsPVpwfjG3: 68cbed547b5f7cba948ccecc
2025-09-18T13:14:25.755Z info: Event updated by wjf5OMavzXdgAKQPYuOsPVpwfjG3: 68cbed547b5f7cba948ccecc
2025-09-18T13:15:12.286Z info: Event updated by wjf5OMavzXdgAKQPYuOsPVpwfjG3: 68cbed547b5f7cba948ccecc
2025-09-18T13:31:27.869Z info: Event updated by wjf5OMavzXdgAKQPYuOsPVpwfjG3: 68cbed547b5f7cba948ccecc
2025-09-18T13:35:21.359Z info: Event updated by wjf5OMavzXdgAKQPYuOsPVpwfjG3: 68cbed547b5f7cba948ccecc
2025-09-18T13:37:10.461Z info: Event updated by wjf5OMavzXdgAKQPYuOsPVpwfjG3: 68cbed547b5f7cba948ccecc
2025-09-18T13:48:20.127Z error: Update event error: Event validation failed: sport: Cast to ObjectId failed for value "{ name: 'foot ball', rules: 'bfecs', players: '52' }" (type Object) at path "sport" because of "BSONError"
2025-09-18T14:39:28.900Z warn: Token verification failed: Cannot access 'mongoUser' before initialization
2025-09-18T14:39:28.997Z warn: Token verification failed: Cannot access 'mongoUser' before initialization
2025-09-18T14:39:29.054Z warn: Token verification failed: Cannot access 'mongoUser' before initialization
2025-09-18T14:43:18.082Z warn: Token verification failed: Cannot access 'mongoUser' before initialization
2025-09-18T14:43:30.524Z warn: Token verification failed: Cannot access 'mongoUser' before initialization
2025-09-18T14:43:30.867Z warn: Token verification failed: Cannot access 'mongoUser' before initialization
2025-09-18T14:43:30.898Z warn: Token verification failed: Cannot access 'mongoUser' before initialization
2025-09-18T15:08:42.415Z warn: Token verification failed: Cannot access 'mongoUser' before initialization
2025-09-18T15:08:42.490Z warn: Token verification failed: Cannot access 'mongoUser' before initialization
2025-09-18T15:08:42.496Z warn: Token verification failed: Cannot access 'mongoUser' before initialization
2025-09-19T04:55:16.186Z info: Sport updated by jw038UlouFYVHaXALEIs1BbdSuh2: 68cbed547b5f7cba948ccec9
2025-09-19T04:55:16.256Z info: Event updated by jw038UlouFYVHaXALEIs1BbdSuh2: 68cbed547b5f7cba948ccecc
2025-09-19T05:05:50.081Z info: Sport updated by jw038UlouFYVHaXALEIs1BbdSuh2: 68cbed547b5f7cba948ccec9
2025-09-19T05:05:50.173Z info: Event updated by jw038UlouFYVHaXALEIs1BbdSuh2: 68cbed547b5f7cba948ccecc
2025-09-19T05:18:21.194Z info: Sport updated by jw038UlouFYVHaXALEIs1BbdSuh2: 68cbed547b5f7cba948ccec9
2025-09-19T05:18:21.254Z info: Event updated by jw038UlouFYVHaXALEIs1BbdSuh2: 68cbed547b5f7cba948ccecc
2025-09-19T06:29:16.199Z info: Event created by oZrlUg7H2ucedU2qFk2JiXO9u9o1: 68ccf83c3763d664a91cd919
2025-09-19T10:11:37.971Z info: Event deleted by oZrlUg7H2ucedU2qFk2JiXO9u9o1: 68cbed547b5f7cba948ccecc
2025-09-19T10:11:46.113Z info: Event deleted by oZrlUg7H2ucedU2qFk2JiXO9u9o1: 68ccf83c3763d664a91cd919
2025-09-19T10:19:40.597Z info: Event created by oZrlUg7H2ucedU2qFk2JiXO9u9o1: 68cd2e3c74db891272599e19
2025-09-19T11:25:06.234Z info: Event created by oZrlUg7H2ucedU2qFk2JiXO9u9o1: 68cd3d9274db891272599e85
2025-09-19T11:25:57.855Z info: Sport updated by oZrlUg7H2ucedU2qFk2JiXO9u9o1: 68cd3d9274db891272599e81
2025-09-19T11:25:57.921Z info: Event updated by oZrlUg7H2ucedU2qFk2JiXO9u9o1: 68cd3d9274db891272599e85
2025-09-19T12:28:48.067Z info: Sport updated by oZrlUg7H2ucedU2qFk2JiXO9u9o1: 68cd3d9274db891272599e81
2025-09-19T12:28:48.115Z info: Event updated by oZrlUg7H2ucedU2qFk2JiXO9u9o1: 68cd3d9274db891272599e85
2025-09-19T12:30:13.431Z info: Sport updated by oZrlUg7H2ucedU2qFk2JiXO9u9o1: 68cd3d9274db891272599e81
2025-09-19T12:30:13.479Z info: Event updated by oZrlUg7H2ucedU2qFk2JiXO9u9o1: 68cd3d9274db891272599e85
2025-09-19T12:40:57.552Z info: Sport updated by oZrlUg7H2ucedU2qFk2JiXO9u9o1: 68cd3d9274db891272599e81
2025-09-19T12:40:57.594Z info: Event updated by oZrlUg7H2ucedU2qFk2JiXO9u9o1: 68cd3d9274db891272599e85
2025-09-20T03:12:03.370Z info: Sport updated by oZrlUg7H2ucedU2qFk2JiXO9u9o1: 68cd2e3c74db891272599e15
2025-09-20T03:12:03.463Z info: Event updated by oZrlUg7H2ucedU2qFk2JiXO9u9o1: 68cd2e3c74db891272599e19
